<?xml version="1.0" encoding="UTF-8"?>
<!-- Generated by org.testng.reporters.JUnitReportReporter -->
<testsuite hostname="DESKTOP-20DKHJO" failures="1" tests="1" name="org.tests.TestCollection" time="19.995" errors="0" timestamp="2022-06-12T23:35:42 BRT" skipped="0">
  <testcase classname="org.tests.TestCollection" name="testCollectionTableFail" time="19.995">
    <failure message="List size mismatch: expected: = 2, actual: 4, collection: #tblGastos tr
Elements: [
	&lt;tr&gt;Mês Gasto (R$)&lt;/tr&gt;,
	&lt;tr&gt;Janeiro R$250&lt;/tr&gt;,
	&lt;tr&gt;Fevereiro R$500&lt;/tr&gt;,
	&lt;tr&gt;Março R$5000&lt;/tr&gt;
]
Screenshot: file:/C:/Users/Graxaim/Documents/NetBeansProjects/testweb/build/reports/tests/1655087741972.0.png
Page source: file:/C:/Users/Graxaim/Documents/NetBeansProjects/testweb/build/reports/tests/1655087741972.0.html
Timeout: 4 s." type="com.codeborne.selenide.ex.ListSizeMismatch">
      <![CDATA[List size mismatch: expected: = 2, actual: 4, collection: #tblGastos tr
Elements: [
<tr>Mês Gasto (R$)</tr>,
<tr>Janeiro R$250</tr>,
<tr>Fevereiro R$500</tr>,
<tr>Março R$5000</tr>
]
Screenshot: file:/C:/Users/Graxaim/Documents/NetBeansProjects/testweb/build/reports/tests/1655087741972.0.png
Page source: file:/C:/Users/Graxaim/Documents/NetBeansProjects/testweb/build/reports/tests/1655087741972.0.html
Timeout: 4 s.
at com.codeborne.selenide.collections.ListSize.fail(ListSize.java:32)
at com.codeborne.selenide.ElementsCollection.waitUntil(ElementsCollection.java:198)
at com.codeborne.selenide.ElementsCollection.should(ElementsCollection.java:143)
at com.codeborne.selenide.ElementsCollection.shouldHave(ElementsCollection.java:117)
at org.tests.TestCollection.testCollectionTableFail(TestCollection.java:31)
at java.base/jdk.internal.reflect.NativeMethodAccessorImpl.invoke0(Native Method)
at java.base/jdk.internal.reflect.NativeMethodAccessorImpl.invoke(NativeMethodAccessorImpl.java:78)
at java.base/jdk.internal.reflect.DelegatingMethodAccessorImpl.invoke(DelegatingMethodAccessorImpl.java:43)
at java.base/java.lang.reflect.Method.invoke(Method.java:567)
at org.testng.internal.invokers.MethodInvocationHelper.invokeMethod(MethodInvocationHelper.java:139)
at org.testng.internal.invokers.TestInvoker.invokeMethod(TestInvoker.java:677)
at org.testng.internal.invokers.TestInvoker.invokeTestMethod(TestInvoker.java:221)
at org.testng.internal.invokers.MethodRunner.runInSequence(MethodRunner.java:50)
at org.testng.internal.invokers.TestInvoker$MethodInvocationAgent.invoke(TestInvoker.java:962)
at org.testng.internal.invokers.TestInvoker.invokeTestMethods(TestInvoker.java:194)
at org.testng.internal.invokers.TestMethodWorker.invokeTestMethods(TestMethodWorker.java:148)
at org.testng.internal.invokers.TestMethodWorker.run(TestMethodWorker.java:128)
at java.base/java.util.ArrayList.forEach(ArrayList.java:1511)
at org.testng.TestRunner.privateRun(TestRunner.java:806)
at org.testng.TestRunner.run(TestRunner.java:601)
at org.testng.SuiteRunner.runTest(SuiteRunner.java:433)
at org.testng.SuiteRunner.runSequentially(SuiteRunner.java:427)
at org.testng.SuiteRunner.privateRun(SuiteRunner.java:387)
at org.testng.SuiteRunner.run(SuiteRunner.java:330)
at org.testng.SuiteRunnerWorker.runSuite(SuiteRunnerWorker.java:52)
at org.testng.SuiteRunnerWorker.run(SuiteRunnerWorker.java:95)
at org.testng.TestNG.runSuitesSequentially(TestNG.java:1256)
at org.testng.TestNG.runSuitesLocally(TestNG.java:1176)
at org.testng.TestNG.runSuites(TestNG.java:1099)
at org.testng.TestNG.run(TestNG.java:1067)
at org.apache.maven.surefire.testng.TestNGExecutor.run(TestNGExecutor.java:135)
at org.apache.maven.surefire.testng.TestNGDirectoryTestSuite.executeSingleClass(TestNGDirectoryTestSuite.java:112)
at org.apache.maven.surefire.testng.TestNGDirectoryTestSuite.execute(TestNGDirectoryTestSuite.java:99)
at org.apache.maven.surefire.testng.TestNGProvider.invoke(TestNGProvider.java:146)
at org.apache.maven.surefire.booter.ForkedBooter.invokeProviderInSameClassLoader(ForkedBooter.java:384)
at org.apache.maven.surefire.booter.ForkedBooter.runSuitesInProcess(ForkedBooter.java:345)
at org.apache.maven.surefire.booter.ForkedBooter.execute(ForkedBooter.java:126)
at org.apache.maven.surefire.booter.ForkedBooter.main(ForkedBooter.java:418)
]]>
    </failure>
  </testcase> <!-- testCollectionTableFail -->
  <system-out/>
</testsuite> <!-- org.tests.TestCollection -->
