<?xml version="1.0" encoding="UTF-8"?>
<!-- Generated by org.testng.reporters.JUnitReportReporter -->
<testsuite hostname="LAPTOP-QT2R2HF0" failures="0" tests="1" name="org.tests.SelenideElement" time="3.272" errors="0" timestamp="2022-06-13T20:54:59 BRT" skipped="0">
  <testcase classname="org.tests.SelenideElement" name="testSelenideElement" time="3.272"/>
  <system-out/>
</testsuite> <!-- org.tests.SelenideElement -->
