<?xml version="1.0" encoding="UTF-8"?>
<!-- Generated by org.testng.reporters.JUnitReportReporter -->
<testsuite hostname="LAPTOP-QT2R2HF0" failures="0" tests="1" name="org.tests.TestCondition" time="4.902" errors="0" timestamp="2022-06-13T14:21:56 BRT" skipped="0">
  <testcase classname="org.tests.TestCondition" name="testConditionForm" time="4.902"/>
  <system-out/>
</testsuite> <!-- org.tests.TestCondition -->
